This file contains any messages produced by compilers while
running configure, to aid debugging if configure makes a mistake.

It was created by HTSlib configure 1.3, which was
generated by GNU Autoconf 2.69.  Invocation command line was

  $ ./configure --prefix=/home/modupe/.local

## --------- ##
## Platform. ##
## --------- ##

hostname = raven
uname -m = x86_64
uname -r = 3.13.0-65-generic
uname -s = Linux
uname -v = #106-Ubuntu SMP Fri Oct 2 22:08:27 UTC 2015

/usr/bin/uname -p = unknown
/bin/uname -X     = unknown

/bin/arch              = unknown
/usr/bin/arch -k       = unknown
/usr/convex/getsysinfo = unknown
/usr/bin/hostinfo      = unknown
/bin/machine           = unknown
/usr/bin/oslevel       = unknown
/bin/universe          = unknown

PATH: /usr/local/sbin
PATH: /usr/local/bin
PATH: /usr/sbin
PATH: /usr/bin
PATH: /sbin
PATH: /bin
PATH: /usr/games
PATH: /usr/local/games
PATH: /home/modupe/.software/vcftools_0.1.12b/bin
PATH: /home/modupe/.software/vcftools_0.1.12b/lib
PATH: /home/modupe/.perl5
PATH: /home/modupe/.software
PATH: /home/modupe/.bin
PATH: /home/modupe/.software/samtools-0.1.19
PATH: /home/modupe/.software/vcftools_0.1.12b/bin
PATH: /home/modupe/.software/vcftools_0.1.12b/lib
PATH: /home/modupe/.perl5
PATH: /home/modupe/.software
PATH: /home/modupe/.bin
PATH: /home/modupe/.software/samtools-0.1.19
PATH: /home/modupe/.software/vcftools_0.1.12b/bin
PATH: /home/modupe/.software/vcftools_0.1.12b/lib
PATH: /home/modupe/.perl5
PATH: /home/modupe/.software
PATH: /home/modupe/.bin
PATH: /home/modupe/.software/samtools-0.1.19


## ----------- ##
## Core tests. ##
## ----------- ##

configure:2091: checking for gcc
configure:2107: found /usr/bin/gcc
configure:2118: result: gcc
configure:2347: checking for C compiler version
configure:2356: gcc --version >&5
gcc (Ubuntu 4.8.4-2ubuntu1~14.04.1) 4.8.4
Copyright (C) 2013 Free Software Foundation, Inc.
This is free software; see the source for copying conditions.  There is NO
warranty; not even for MERCHANTABILITY or FITNESS FOR A PARTICULAR PURPOSE.

configure:2367: $? = 0
configure:2356: gcc -v >&5
Using built-in specs.
COLLECT_GCC=gcc
COLLECT_LTO_WRAPPER=/usr/lib/gcc/x86_64-linux-gnu/4.8/lto-wrapper
Target: x86_64-linux-gnu
Configured with: ../src/configure -v --with-pkgversion='Ubuntu 4.8.4-2ubuntu1~14.04.1' --with-bugurl=file:///usr/share/doc/gcc-4.8/README.Bugs --enable-languages=c,c++,java,go,d,fortran,objc,obj-c++ --prefix=/usr --program-suffix=-4.8 --enable-shared --enable-linker-build-id --libexecdir=/usr/lib --without-included-gettext --enable-threads=posix --with-gxx-include-dir=/usr/include/c++/4.8 --libdir=/usr/lib --enable-nls --with-sysroot=/ --enable-clocale=gnu --enable-libstdcxx-debug --enable-libstdcxx-time=yes --enable-gnu-unique-object --disable-libmudflap --enable-plugin --with-system-zlib --disable-browser-plugin --enable-java-awt=gtk --enable-gtk-cairo --with-java-home=/usr/lib/jvm/java-1.5.0-gcj-4.8-amd64/jre --enable-java-home --with-jvm-root-dir=/usr/lib/jvm/java-1.5.0-gcj-4.8-amd64 --with-jvm-jar-dir=/usr/lib/jvm-exports/java-1.5.0-gcj-4.8-amd64 --with-arch-directory=amd64 --with-ecj-jar=/usr/share/java/eclipse-ecj.jar --enable-objc-gc --enable-multiarch --disable-werror --with-arch-32=i686 --with-abi=m64 --with-multilib-list=m32,m64,mx32 --with-tune=generic --enable-checking=release --build=x86_64-linux-gnu --host=x86_64-linux-gnu --target=x86_64-linux-gnu
Thread model: posix
gcc version 4.8.4 (Ubuntu 4.8.4-2ubuntu1~14.04.1) 
configure:2367: $? = 0
configure:2356: gcc -V >&5
gcc: error: unrecognized command line option '-V'
gcc: fatal error: no input files
compilation terminated.
configure:2367: $? = 4
configure:2356: gcc -qversion >&5
gcc: error: unrecognized command line option '-qversion'
gcc: fatal error: no input files
compilation terminated.
configure:2367: $? = 4
configure:2387: checking whether the C compiler works
configure:2409: gcc    conftest.c  >&5
configure:2413: $? = 0
configure:2461: result: yes
configure:2464: checking for C compiler default output file name
configure:2466: result: a.out
configure:2472: checking for suffix of executables
configure:2479: gcc -o conftest    conftest.c  >&5
configure:2483: $? = 0
configure:2505: result: 
configure:2527: checking whether we are cross compiling
configure:2535: gcc -o conftest    conftest.c  >&5
configure:2539: $? = 0
configure:2546: ./conftest
configure:2550: $? = 0
configure:2565: result: no
configure:2570: checking for suffix of object files
configure:2592: gcc -c   conftest.c >&5
configure:2596: $? = 0
configure:2617: result: o
configure:2621: checking whether we are using the GNU C compiler
configure:2640: gcc -c   conftest.c >&5
configure:2640: $? = 0
configure:2649: result: yes
configure:2658: checking whether gcc accepts -g
configure:2678: gcc -c -g  conftest.c >&5
configure:2678: $? = 0
configure:2719: result: yes
configure:2736: checking for gcc option to accept ISO C89
configure:2799: gcc  -c -g -O2  conftest.c >&5
configure:2799: $? = 0
configure:2812: result: none needed
configure:2875: checking for ranlib
configure:2891: found /usr/bin/ranlib
configure:2902: result: ranlib
configure:2990: checking how to run the C preprocessor
configure:3021: gcc -E  conftest.c
configure:3021: $? = 0
configure:3035: gcc -E  conftest.c
conftest.c:9:28: fatal error: ac_nonexistent.h: No such file or directory
 #include <ac_nonexistent.h>
                            ^
compilation terminated.
configure:3035: $? = 1
configure: failed program was:
| /* confdefs.h */
| #define PACKAGE_NAME "HTSlib"
| #define PACKAGE_TARNAME "htslib"
| #define PACKAGE_VERSION "1.3"
| #define PACKAGE_STRING "HTSlib 1.3"
| #define PACKAGE_BUGREPORT "samtools-help@lists.sourceforge.net"
| #define PACKAGE_URL "http://www.htslib.org/"
| /* end confdefs.h.  */
| #include <ac_nonexistent.h>
configure:3060: result: gcc -E
configure:3080: gcc -E  conftest.c
configure:3080: $? = 0
configure:3094: gcc -E  conftest.c
conftest.c:9:28: fatal error: ac_nonexistent.h: No such file or directory
 #include <ac_nonexistent.h>
                            ^
compilation terminated.
configure:3094: $? = 1
configure: failed program was:
| /* confdefs.h */
| #define PACKAGE_NAME "HTSlib"
| #define PACKAGE_TARNAME "htslib"
| #define PACKAGE_VERSION "1.3"
| #define PACKAGE_STRING "HTSlib 1.3"
| #define PACKAGE_BUGREPORT "samtools-help@lists.sourceforge.net"
| #define PACKAGE_URL "http://www.htslib.org/"
| /* end confdefs.h.  */
| #include <ac_nonexistent.h>
configure:3123: checking for grep that handles long lines and -e
configure:3181: result: /bin/grep
configure:3186: checking for egrep
configure:3248: result: /bin/grep -E
configure:3253: checking for ANSI C header files
configure:3273: gcc -c -g -O2  conftest.c >&5
configure:3273: $? = 0
configure:3346: gcc -o conftest -g -O2   conftest.c  >&5
configure:3346: $? = 0
configure:3346: ./conftest
configure:3346: $? = 0
configure:3357: result: yes
configure:3370: checking for sys/types.h
configure:3370: gcc -c -g -O2  conftest.c >&5
configure:3370: $? = 0
configure:3370: result: yes
configure:3370: checking for sys/stat.h
configure:3370: gcc -c -g -O2  conftest.c >&5
configure:3370: $? = 0
configure:3370: result: yes
configure:3370: checking for stdlib.h
configure:3370: gcc -c -g -O2  conftest.c >&5
configure:3370: $? = 0
configure:3370: result: yes
configure:3370: checking for string.h
configure:3370: gcc -c -g -O2  conftest.c >&5
configure:3370: $? = 0
configure:3370: result: yes
configure:3370: checking for memory.h
configure:3370: gcc -c -g -O2  conftest.c >&5
configure:3370: $? = 0
configure:3370: result: yes
configure:3370: checking for strings.h
configure:3370: gcc -c -g -O2  conftest.c >&5
configure:3370: $? = 0
configure:3370: result: yes
configure:3370: checking for inttypes.h
configure:3370: gcc -c -g -O2  conftest.c >&5
configure:3370: $? = 0
configure:3370: result: yes
configure:3370: checking for stdint.h
configure:3370: gcc -c -g -O2  conftest.c >&5
configure:3370: $? = 0
configure:3370: result: yes
configure:3370: checking for unistd.h
configure:3370: gcc -c -g -O2  conftest.c >&5
configure:3370: $? = 0
configure:3370: result: yes
configure:3388: checking for stdlib.h
configure:3388: result: yes
configure:3388: checking for unistd.h
configure:3388: result: yes
configure:3388: checking for sys/param.h
configure:3388: gcc -c -g -O2  conftest.c >&5
configure:3388: $? = 0
configure:3388: result: yes
configure:3408: checking for getpagesize
configure:3408: gcc -o conftest -g -O2   conftest.c  >&5
configure:3408: $? = 0
configure:3408: result: yes
configure:3417: checking for working mmap
configure:3564: gcc -o conftest -g -O2   conftest.c  >&5
configure:3564: $? = 0
configure:3564: ./conftest
configure:3564: $? = 0
configure:3574: result: yes
configure:3585: checking for gmtime_r
configure:3585: gcc -o conftest -g -O2   conftest.c  >&5
configure:3585: $? = 0
configure:3585: result: yes
configure:3666: checking for zlib.h
configure:3666: gcc -c -g -O2  conftest.c >&5
configure:3666: $? = 0
configure:3666: result: yes
configure:3675: checking for inflate in -lz
configure:3700: gcc -o conftest -g -O2   conftest.c -lz   >&5
configure:3700: $? = 0
configure:3709: result: yes
configure:4109: creating ./config.status

## ---------------------- ##
## Running config.status. ##
## ---------------------- ##

This file was extended by HTSlib config.status 1.3, which was
generated by GNU Autoconf 2.69.  Invocation command line was

  CONFIG_FILES    = 
  CONFIG_HEADERS  = 
  CONFIG_LINKS    = 
  CONFIG_COMMANDS = 
  $ ./config.status 

on raven

config.status:813: creating config.mk
config.status:813: creating config.h
config.status:983: config.h is unchanged

## ---------------- ##
## Cache variables. ##
## ---------------- ##

ac_cv_c_compiler_gnu=yes
ac_cv_env_CC_set=
ac_cv_env_CC_value=
ac_cv_env_CFLAGS_set=
ac_cv_env_CFLAGS_value=
ac_cv_env_CPPFLAGS_set=
ac_cv_env_CPPFLAGS_value=
ac_cv_env_CPP_set=
ac_cv_env_CPP_value=
ac_cv_env_LDFLAGS_set=
ac_cv_env_LDFLAGS_value=
ac_cv_env_LIBS_set=
ac_cv_env_LIBS_value=
ac_cv_env_build_alias_set=
ac_cv_env_build_alias_value=
ac_cv_env_host_alias_set=
ac_cv_env_host_alias_value=
ac_cv_env_target_alias_set=
ac_cv_env_target_alias_value=
ac_cv_func_getpagesize=yes
ac_cv_func_gmtime_r=yes
ac_cv_func_mmap_fixed_mapped=yes
ac_cv_header_inttypes_h=yes
ac_cv_header_memory_h=yes
ac_cv_header_stdc=yes
ac_cv_header_stdint_h=yes
ac_cv_header_stdlib_h=yes
ac_cv_header_string_h=yes
ac_cv_header_strings_h=yes
ac_cv_header_sys_param_h=yes
ac_cv_header_sys_stat_h=yes
ac_cv_header_sys_types_h=yes
ac_cv_header_unistd_h=yes
ac_cv_header_zlib_h=yes
ac_cv_lib_z_inflate=yes
ac_cv_objext=o
ac_cv_path_EGREP='/bin/grep -E'
ac_cv_path_GREP=/bin/grep
ac_cv_prog_CPP='gcc -E'
ac_cv_prog_ac_ct_CC=gcc
ac_cv_prog_ac_ct_RANLIB=ranlib
ac_cv_prog_cc_c89=
ac_cv_prog_cc_g=yes

## ----------------- ##
## Output variables. ##
## ----------------- ##

CC='gcc'
CFLAGS='-g -O2'
CPP='gcc -E'
CPPFLAGS=''
CRYPTO_LIBS=''
DEFS='-DHAVE_CONFIG_H'
ECHO_C=''
ECHO_N='-n'
ECHO_T=''
EGREP='/bin/grep -E'
EXEEXT=''
GREP='/bin/grep'
LDFLAGS=''
LIBOBJS=''
LIBS=''
LTLIBOBJS=''
OBJEXT='o'
PACKAGE_BUGREPORT='samtools-help@lists.sourceforge.net'
PACKAGE_NAME='HTSlib'
PACKAGE_STRING='HTSlib 1.3'
PACKAGE_TARNAME='htslib'
PACKAGE_URL='http://www.htslib.org/'
PACKAGE_VERSION='1.3'
PATH_SEPARATOR=':'
RANLIB='ranlib'
SHELL='/bin/bash'
ac_ct_CC='gcc'
bindir='${exec_prefix}/bin'
build_alias=''
datadir='${datarootdir}'
datarootdir='${prefix}/share'
define_IRODS_HOME='IRODS_HOME ?= /disabled'
docdir='${datarootdir}/doc/${PACKAGE_TARNAME}'
dvidir='${docdir}'
enable_plugins='no'
exec_prefix='${prefix}'
host_alias=''
htmldir='${docdir}'
includedir='${prefix}/include'
infodir='${datarootdir}/info'
irods='disabled'
libcurl='disabled'
libdir='${exec_prefix}/lib'
libexecdir='${exec_prefix}/libexec'
localedir='${datarootdir}/locale'
localstatedir='${prefix}/var'
mandir='${datarootdir}/man'
oldincludedir='/usr/include'
pdfdir='${docdir}'
plugindir='$(libexecdir)/htslib'
pluginpath='$(libexecdir)/htslib'
prefix='/home/modupe/.local'
program_transform_name='s,x,x,'
psdir='${docdir}'
sbindir='${exec_prefix}/sbin'
sharedstatedir='${prefix}/com'
sysconfdir='${prefix}/etc'
target_alias=''

## ----------- ##
## confdefs.h. ##
## ----------- ##

/* confdefs.h */
#define PACKAGE_NAME "HTSlib"
#define PACKAGE_TARNAME "htslib"
#define PACKAGE_VERSION "1.3"
#define PACKAGE_STRING "HTSlib 1.3"
#define PACKAGE_BUGREPORT "samtools-help@lists.sourceforge.net"
#define PACKAGE_URL "http://www.htslib.org/"
#define STDC_HEADERS 1
#define HAVE_SYS_TYPES_H 1
#define HAVE_SYS_STAT_H 1
#define HAVE_STDLIB_H 1
#define HAVE_STRING_H 1
#define HAVE_MEMORY_H 1
#define HAVE_STRINGS_H 1
#define HAVE_INTTYPES_H 1
#define HAVE_STDINT_H 1
#define HAVE_UNISTD_H 1
#define HAVE_STDLIB_H 1
#define HAVE_UNISTD_H 1
#define HAVE_SYS_PARAM_H 1
#define HAVE_GETPAGESIZE 1
#define HAVE_MMAP 1
#define HAVE_GMTIME_R 1
#define HAVE_LIBZ 1

configure: exit 0
